  [4;36;1mSQL (44.6ms)[0m   [0;1m SELECT name
 FROM sqlite_master
 WHERE type = 'table' AND NOT name = 'sqlite_sequence'
[0m
  [4;35;1mSQL (0.2ms)[0m   [0mselect sqlite_version(*)[0m
  [4;36;1mSQL (125.9ms)[0m   [0;1mCREATE TABLE "schema_migrations" ("version" varchar(255) NOT NULL) [0m
  [4;35;1mSQL (206.3ms)[0m   [0mCREATE UNIQUE INDEX "unique_schema_migrations" ON "schema_migrations" ("version")[0m
  [4;36;1mSQL (81.8ms)[0m   [0;1m SELECT name
 FROM sqlite_master
 WHERE type = 'table' AND NOT name = 'sqlite_sequence'
[0m
  [4;35;1mSQL (81.2ms)[0m   [0mSELECT version FROM schema_migrations[0m
Migrating to CreateTesties (20091125122620)
  [4;36;1mSQL (82.3ms)[0m   [0;1mCREATE TABLE "testies" ("id" INTEGER PRIMARY KEY AUTOINCREMENT NOT NULL, "name" varchar(255), "surname" varchar(255), "email" varchar(255), "created_at" datetime, "updated_at" datetime) [0m
  [4;35;1mSQL (0.1ms)[0m   [0mINSERT INTO schema_migrations (version) VALUES ('20091125122620')[0m
  [4;36;1mSQL (82.1ms)[0m   [0;1m SELECT name
 FROM sqlite_master
 WHERE type = 'table' AND NOT name = 'sqlite_sequence'
[0m
  [4;35;1mSQL (42.3ms)[0m   [0mSELECT version FROM schema_migrations[0m
  [4;36;1mSQL (42.9ms)[0m   [0;1m SELECT name
 FROM sqlite_master
 WHERE type = 'table' AND NOT name = 'sqlite_sequence'
[0m
  [4;35;1mSQL (0.0ms)[0m   [0mPRAGMA index_list("testies")[0m


Processing ApplicationController#index (for 127.0.0.1 at 2009-11-25 13:26:52) [GET]

ActionController::RoutingError (No route matches "/posts" with {:method=>:get}):
  

Rendering rescues/layout (not_found)


Processing ApplicationController#index (for 127.0.0.1 at 2009-11-25 13:27:19) [GET]

ActionController::RoutingError (No route matches "/testy" with {:method=>:get}):
  

Rendering rescues/layout (not_found)


Processing ApplicationController#index (for 127.0.0.1 at 2009-11-25 13:27:23) [GET]

ActionController::RoutingError (No route matches "/Test" with {:method=>:get}):
  

Rendering rescues/layout (not_found)


Processing ApplicationController#index (for 127.0.0.1 at 2009-11-25 13:27:27) [GET]

ActionController::RoutingError (No route matches "/test" with {:method=>:get}):
  

Rendering rescues/layout (not_found)


Processing TestiesController#index (for 127.0.0.1 at 2009-11-25 13:27:42) [GET]
  [4;36;1mTesty Load (44.9ms)[0m   [0;1mSELECT * FROM "testies" [0m
Rendering template within layouts/testies
Rendering testies/index
Completed in 514ms (View: 361, DB: 45) | 200 OK [http://localhost/testies]


Processing TestiesController#new (for 127.0.0.1 at 2009-11-25 13:27:45) [GET]
Rendering template within layouts/testies
Rendering testies/new
Completed in 332ms (View: 52, DB: 0) | 200 OK [http://localhost/testies/new]


Processing TestiesController#index (for 127.0.0.1 at 2009-11-25 13:27:48) [GET]
  [4;35;1mTesty Load (45.4ms)[0m   [0mSELECT * FROM "testies" [0m
Rendering template within layouts/testies
Rendering testies/index
Completed in 131ms (View: 2, DB: 45) | 200 OK [http://localhost/testies]
